AnddleMusic-master/AndroidPlayer/app/build/outputs/logs/manifest-merger-debug-report.txt
-- Merging decision tree log ---
manifest
ADDED from src\main\AndroidManifest.xml:2:1-47:12
	package
		ADDED from src\main\AndroidManifest.xml:3:2-34
		INJECTED from src\main\AndroidManifest.xml
		INJECTED from src\main\AndroidManifest.xml
	android:versionName
		ADDED from src\main\AndroidManifest.xml:4:2-27
		INJECTED from src\main\AndroidManifest.xml
		INJECTED from src\main\AndroidManifest.xml
	android:versionCode
		ADDED from src\main\AndroidManifest.xml:3:35-58
		INJECTED from src\main\AndroidManifest.xml
		INJECTED from src\main\AndroidManifest.xml
	xmlns:android
		ADDED from src\main\AndroidManifest.xml:2:11-69
application
ADDED from src\main\AndroidManifest.xml:5:2-44:16
	android:label
		ADDED from src\main\AndroidManifest.xml:5:45-77
	android:icon
		ADDED from src\main\AndroidManifest.xml:5:15-44
	android:name
		ADDED from src\main\AndroidManifest.xml:5:78-105
activity#com.hrw.android.player.activity.SplashscreenActivity
ADDED from src\main\AndroidManifest.xml:6:8-11:20
	android:screenOrientation
		ADDED from src\main\AndroidManifest.xml:6:123-159
	android:theme
		ADDED from src\main\AndroidManifest.xml:6:18-76
	android:name
		ADDED from src\main\AndroidManifest.xml:6:77-122
intent-filter#android.intent.action.MAIN+android.intent.category.LAUNCHER
ADDED from src\main\AndroidManifest.xml:7:13-10:29
action#android.intent.action.MAIN
ADDED from src\main\AndroidManifest.xml:8:17-69
	android:name
		ADDED from src\main\AndroidManifest.xml:8:25-66
category#android.intent.category.LAUNCHER
ADDED from src\main\AndroidManifest.xml:9:17-77
	android:name
		ADDED from src\main\AndroidManifest.xml:9:27-74
activity#com.hrw.android.player.activity.HomeActivity
ADDED from src\main\AndroidManifest.xml:12:3-27:24
	android:screenOrientation
		ADDED from src\main\AndroidManifest.xml:13:37-73
	android:label
		ADDED from src\main\AndroidManifest.xml:13:4-36
	android:name
		ADDED from src\main\AndroidManifest.xml:12:13-50
intent-filter#android.intent.action.VIEW+android.intent.category.DEFAULT
ADDED from src\main\AndroidManifest.xml:14:4-17:20
action#android.intent.action.VIEW
ADDED from src\main\AndroidManifest.xml:15:5-57
	android:name
		ADDED from src\main\AndroidManifest.xml:15:13-54
category#android.intent.category.DEFAULT
ADDED from src\main\AndroidManifest.xml:16:17-76
	android:name
		ADDED from src\main\AndroidManifest.xml:16:27-73
activity#com.hrw.android.player.activity.MenuActivity
ADDED from src\main\AndroidManifest.xml:28:3-53
	android:name
		ADDED from src\main\AndroidManifest.xml:28:13-50
activity#com.hrw.android.player.activity.MenuListActivity
ADDED from src\main\AndroidManifest.xml:29:3-57
	android:name
		ADDED from src\main\AndroidManifest.xml:29:13-54
activity#com.hrw.android.player.activity.MusicListActivity
ADDED from src\main\AndroidManifest.xml:30:3-58
	android:name
		ADDED from src\main\AndroidManifest.xml:30:13-55
activity#com.hrw.android.player.activity.PlayerActivity
ADDED from src\main\AndroidManifest.xml:31:3-91
	android:screenOrientation
		ADDED from src\main\AndroidManifest.xml:31:53-89
	android:name
		ADDED from src\main\AndroidManifest.xml:31:13-52
activity#com.hrw.android.player.activity.PlaylistActivity
ADDED from src\main\AndroidManifest.xml:32:3-57
	android:name
		ADDED from src\main\AndroidManifest.xml:32:13-54
activity#com.hrw.android.player.activity.LocalMusicListActivity
ADDED from src\main\AndroidManifest.xml:33:3-63
	android:name
		ADDED from src\main\AndroidManifest.xml:33:13-60
activity#com.hrw.android.player.activity.SearchMusicActivity
ADDED from src\main\AndroidManifest.xml:34:3-60
	android:name
		ADDED from src\main\AndroidManifest.xml:34:13-57
provider#com.hrw.android.player.db.DataBaseProvider
ADDED from src\main\AndroidManifest.xml:42:3-43:71
	android:authorities
		ADDED from src\main\AndroidManifest.xml:43:4-68
	android:name
		ADDED from src\main\AndroidManifest.xml:42:13-48